1984-1985 142500 晋东南地区
1984-1985 352500 龙溪地区
1984-1985 622600 武都地区
1985-1986 412200 新乡地区
1985-1986 412500 洛阳地区
1985-1986 432200 岳阳地区
1986-1987 442200 海南黎族苗族自治州
1986-1987 640205 石咀山区
1987-1988 342800 安庆地区
1987-1988 352100 建阳地区
1987-1988 411021 禹县
1987-1988 442100 海南行政区
1987-1988 442400 梅县地区
1987-1988 511102 市中区
1989-1990 510102 东城区
1989-1990 510103 西城区
1990-1991 440505 金沙区
1990-1991 440511 郊区
1991-1992 342300 滁县地区
1991-1992 372300 惠民地区
1992-1993 132100 邯郸地区
1992-1993 132200 邢台地区
1992-1993 132300 石家庄地区
1992-1993 132500 张家口地区
1992-1993 132600 承德地区
1992-1993 132900 沧州地区
1992-1993 142100 雁北地区
1992-1993 513000 达县地区
1993-1994 132400 保定地区
1993-1994 422600 郧阳地区
1994-1995 432900 零陵地区
1995-1996 232100 松花江地区
1996-1997 452400 梧州地区
1997-1998 342200 宿县地区
1997-1998 452300 桂林地区
1997-1998 642100 银南地区
1998-1999 152300 哲里木盟
1998-1999 513000 达川地区
1998-1999 542134 盐井县
1998-1999 542135 碧土县
1998-1999 542136 妥坝县
1998-1999 542137 生达县
1998-1999 542528 隆格尔县
2000-2001 152100 呼伦贝尔盟
2000-2001 152700 伊克昭盟
2000-2001 654100 伊犁地区
2001-2002 452100 南宁地区
2001-2002 452200 柳州地区
2002-2003 152600 乌兰察布盟
2002-2003 152800 巴彦淖尔盟
2017-2018 140202 城区
2017-2018 140203 矿区
2017-2018 140211 南郊区
2017-2018 140227 大同县
2017-2018 610427 彬县
2018-2019 130223 滦县
2018-2019 140402 城区
2018-2019 140411 郊区
2018-2019 140421 长治县
2018-2019 371200 莱芜市
2018-2019 371202 莱城区
2018-2019 430221 株洲县
2018-2019 511521 宜宾县
